<?xml version="1.0" encoding="UTF-8"?>
<!-- Generated by org.testng.reporters.JUnitReportReporter -->
<testsuite hostname="Lcaravajal" name="Devspark.SearchTalents.Search" tests="1" failures="0" timestamp="6 Nov 2015 20:36:36 GMT" time="72.158" errors="0">
  <testcase name="f" time="72.158" classname="Devspark.SearchTalents.Search"/>
</testsuite> <!-- Devspark.SearchTalents.Search -->
